2024-01-12 12:15:49 [-][-][-][error][yii\db\Exception] exception 'PDOException' with message 'SQLSTATE[HY000] [1045] Access denied for user 'root'@'localhost' (using password: YES)' in E:\wamp\www\blogdemo2\vendor\yiisoft\yii2\db\Connection.php:600
Stack trace:
#0 E:\wamp\www\blogdemo2\vendor\yiisoft\yii2\db\Connection.php(600): PDO->__construct('mysql:host=loca...', 'root', '33099', NULL)
#1 E:\wamp\www\blogdemo2\vendor\yiisoft\yii2\db\Connection.php(542): yii\db\Connection->createPdoInstance()
#2 E:\wamp\www\blogdemo2\vendor\yiisoft\yii2\db\Connection.php(861): yii\db\Connection->open()
#3 E:\wamp\www\blogdemo2\vendor\yiisoft\yii2\db\Connection.php(848): yii\db\Connection->getMasterPdo()
#4 E:\wamp\www\blogdemo2\vendor\yiisoft\yii2\db\Command.php(219): yii\db\Connection->getSlavePdo()
#5 E:\wamp\www\blogdemo2\vendor\yiisoft\yii2\db\Command.php(894): yii\db\Command->prepare(true)
#6 E:\wamp\www\blogdemo2\vendor\yiisoft\yii2\db\Command.php(362): yii\db\Command->queryInternal('fetchAll', NULL)
#7 E:\wamp\www\blogdemo2\vendor\yiisoft\yii2\db\mysql\Schema.php(198): yii\db\Command->queryAll()
#8 E:\wamp\www\blogdemo2\vendor\yiisoft\yii2\db\mysql\Schema.php(97): yii\db\mysql\Schema->findColumns(Object(yii\db\TableSchema))
#9 E:\wamp\www\blogdemo2\vendor\yiisoft\yii2\db\Schema.php(149): yii\db\mysql\Schema->loadTableSchema('migration')
#10 E:\wamp\www\blogdemo2\vendor\yiisoft\yii2\console\controllers\MigrateController.php(178): yii\db\Schema->getTableSchema('{{%migration}}', true)
#11 E:\wamp\www\blogdemo2\vendor\yiisoft\yii2\console\controllers\BaseMigrateController.php(627): yii\console\controllers\MigrateController->getMigrationHistory(NULL)
#12 E:\wamp\www\blogdemo2\vendor\yiisoft\yii2\console\controllers\BaseMigrateController.php(102): yii\console\controllers\BaseMigrateController->getNewMigrations()
#13 [internal function]: yii\console\controllers\BaseMigrateController->actionUp(0)
#14 E:\wamp\www\blogdemo2\vendor\yiisoft\yii2\base\InlineAction.php(55): call_user_func_array(Array, Array)
#15 E:\wamp\www\blogdemo2\vendor\yiisoft\yii2\base\Controller.php(154): yii\base\InlineAction->runWithParams(Array)
#16 E:\wamp\www\blogdemo2\vendor\yiisoft\yii2\console\Controller.php(119): yii\base\Controller->runAction('', Array)
#17 E:\wamp\www\blogdemo2\vendor\yiisoft\yii2\base\Module.php(454): yii\console\Controller->runAction('', Array)
#18 E:\wamp\www\blogdemo2\vendor\yiisoft\yii2\console\Application.php(176): yii\base\Module->runAction('migrate', Array)
#19 E:\wamp\www\blogdemo2\vendor\yiisoft\yii2\console\Application.php(143): yii\console\Application->runAction('migrate', Array)
#20 E:\wamp\www\blogdemo2\vendor\yiisoft\yii2\base\Application.php(375): yii\console\Application->handleRequest(Object(yii\console\Request))
#21 E:\wamp\www\blogdemo2\yii(27): yii\base\Application->run()
#22 {main}

Next exception 'yii\db\Exception' with message 'SQLSTATE[HY000] [1045] Access denied for user 'root'@'localhost' (using password: YES)' in E:\wamp\www\blogdemo2\vendor\yiisoft\yii2\db\Connection.php:547
Stack trace:
#0 E:\wamp\www\blogdemo2\vendor\yiisoft\yii2\db\Connection.php(861): yii\db\Connection->open()
#1 E:\wamp\www\blogdemo2\vendor\yiisoft\yii2\db\Connection.php(848): yii\db\Connection->getMasterPdo()
#2 E:\wamp\www\blogdemo2\vendor\yiisoft\yii2\db\Command.php(219): yii\db\Connection->getSlavePdo()
#3 E:\wamp\www\blogdemo2\vendor\yiisoft\yii2\db\Command.php(894): yii\db\Command->prepare(true)
#4 E:\wamp\www\blogdemo2\vendor\yiisoft\yii2\db\Command.php(362): yii\db\Command->queryInternal('fetchAll', NULL)
#5 E:\wamp\www\blogdemo2\vendor\yiisoft\yii2\db\mysql\Schema.php(198): yii\db\Command->queryAll()
#6 E:\wamp\www\blogdemo2\vendor\yiisoft\yii2\db\mysql\Schema.php(97): yii\db\mysql\Schema->findColumns(Object(yii\db\TableSchema))
#7 E:\wamp\www\blogdemo2\vendor\yiisoft\yii2\db\Schema.php(149): yii\db\mysql\Schema->loadTableSchema('migration')
#8 E:\wamp\www\blogdemo2\vendor\yiisoft\yii2\console\controllers\MigrateController.php(178): yii\db\Schema->getTableSchema('{{%migration}}', true)
#9 E:\wamp\www\blogdemo2\vendor\yiisoft\yii2\console\controllers\BaseMigrateController.php(627): yii\console\controllers\MigrateController->getMigrationHistory(NULL)
#10 E:\wamp\www\blogdemo2\vendor\yiisoft\yii2\console\controllers\BaseMigrateController.php(102): yii\console\controllers\BaseMigrateController->getNewMigrations()
#11 [internal function]: yii\console\controllers\BaseMigrateController->actionUp(0)
#12 E:\wamp\www\blogdemo2\vendor\yiisoft\yii2\base\InlineAction.php(55): call_user_func_array(Array, Array)
#13 E:\wamp\www\blogdemo2\vendor\yiisoft\yii2\base\Controller.php(154): yii\base\InlineAction->runWithParams(Array)
#14 E:\wamp\www\blogdemo2\vendor\yiisoft\yii2\console\Controller.php(119): yii\base\Controller->runAction('', Array)
#15 E:\wamp\www\blogdemo2\vendor\yiisoft\yii2\base\Module.php(454): yii\console\Controller->runAction('', Array)
#16 E:\wamp\www\blogdemo2\vendor\yiisoft\yii2\console\Application.php(176): yii\base\Module->runAction('migrate', Array)
#17 E:\wamp\www\blogdemo2\vendor\yiisoft\yii2\console\Application.php(143): yii\console\Application->runAction('migrate', Array)
#18 E:\wamp\www\blogdemo2\vendor\yiisoft\yii2\base\Application.php(375): yii\console\Application->handleRequest(Object(yii\console\Request))
#19 E:\wamp\www\blogdemo2\yii(27): yii\base\Application->run()
#20 {main}
Additional Information:

2024-01-12 12:15:49 [-][-][-][info][application] $_SERVER = [
    'ALLUSERSPROFILE' => 'C:\\ProgramData'
    'APPCODE_VM_OPTIONS' => 'E:\\CLion_start\\jetbra\\jetbra\\vmoptions\\appcode.vmoptions'
    'APPDATA' => 'C:\\Users\\wdnmd\\AppData\\Roaming'
    'CLION_VM_OPTIONS' => 'E:\\CLion_start\\jetbra\\jetbra\\vmoptions\\clion.vmoptions'
    'CommonProgramFiles' => 'C:\\Program Files\\Common Files'
    'CommonProgramFiles(x86)' => 'C:\\Program Files (x86)\\Common Files'
    'CommonProgramW6432' => 'C:\\Program Files\\Common Files'
    'COMPUTERNAME' => 'DESKTOP-TDD3NMT'
    'ComSpec' => 'C:\\Windows\\system32\\cmd.exe'
    'DATAGRIP_VM_OPTIONS' => 'E:\\CLion_start\\jetbra\\jetbra\\vmoptions\\datagrip.vmoptions'
    'DATASPELL_VM_OPTIONS' => 'E:\\CLion_start\\jetbra\\jetbra\\vmoptions\\dataspell.vmoptions'
    'DEVECOSTUDIO_VM_OPTIONS' => 'E:\\CLion_start\\jetbra\\jetbra\\vmoptions\\devecostudio.vmoptions'
    'DriverData' => 'C:\\Windows\\System32\\Drivers\\DriverData'
    'FPS_BROWSER_APP_PROFILE_STRING' => 'Internet Explorer'
    'FPS_BROWSER_USER_PROFILE_STRING' => 'Default'
    'GATEWAY_VM_OPTIONS' => 'E:\\CLion_start\\jetbra\\jetbra\\vmoptions\\gateway.vmoptions'
    'GOLAND_VM_OPTIONS' => 'E:\\CLion_start\\jetbra\\jetbra\\vmoptions\\goland.vmoptions'
    'HOMEDRIVE' => 'C:'
    'HOMEPATH' => '\\Users\\wdnmd'
    'IDEA_VM_OPTIONS' => 'E:\\CLion_start\\jetbra\\jetbra\\vmoptions\\idea.vmoptions'
    'JAVA_HOME' => 'E:\\jdk'
    'JETBRAINSCLIENT_VM_OPTIONS' => 'E:\\CLion_start\\jetbra\\jetbra\\vmoptions\\jetbrainsclient.vmoptions'
    'JETBRAINS_CLIENT_VM_OPTIONS' => 'E:\\CLion_start\\jetbra\\jetbra\\vmoptions\\jetbrains_client.vmoptions'
    'LOCALAPPDATA' => 'C:\\Users\\wdnmd\\AppData\\Local'
    'LOGONSERVER' => '\\\\DESKTOP-TDD3NMT'
    'NUMBER_OF_PROCESSORS' => '2'
    'OneDrive' => 'C:\\Users\\wdnmd\\OneDrive'
    'OS' => 'Windows_NT'
    'Path' => 'C:\\Windows\\system32;C:\\Windows;C:\\Windows\\System32\\Wbem;C:\\Windows\\System32\\WindowsPowerShell\\v1.0\\;C:\\Windows\\System32\\OpenSSH\\;E:\\jdk\\bin;E:\\jdk\\jre\\bin;E:\\wamp\\bin\\php\\php5.5.12;E:\\composer;C:\\Users\\wdnmd\\AppData\\Local\\Microsoft\\WindowsApps;;E:\\PhpStorm 2023.3\\bin;;C:\\Users\\wdnmd\\AppData\\Roaming\\Composer\\vendor\\bin'
    'PATHEXT' => '.COM;.EXE;.BAT;.CMD;.VBS;.VBE;.JS;.JSE;.WSF;.WSH;.MSC'
    'PhpStorm' => 'E:\\PhpStorm 2023.3\\bin;'
    'PHPSTORM_VM_OPTIONS' => 'E:\\CLion_start\\jetbra\\jetbra\\vmoptions\\phpstorm.vmoptions'
    'PROCESSOR_ARCHITECTURE' => 'AMD64'
    'PROCESSOR_IDENTIFIER' => 'AMD64 Family 25 Model 80 Stepping 0, AuthenticAMD'
    'PROCESSOR_LEVEL' => '25'
    'PROCESSOR_REVISION' => '5000'
    'ProgramData' => 'C:\\ProgramData'
    'ProgramFiles' => 'C:\\Program Files'
    'ProgramFiles(x86)' => 'C:\\Program Files (x86)'
    'ProgramW6432' => 'C:\\Program Files'
    'PROMPT' => '$P$G'
    'PSModulePath' => 'C:\\Program Files\\WindowsPowerShell\\Modules;C:\\Windows\\system32\\WindowsPowerShell\\v1.0\\Modules'
    'PUBLIC' => 'C:\\Users\\Public'
    'PYCHARM_VM_OPTIONS' => 'E:\\CLion_start\\jetbra\\jetbra\\vmoptions\\pycharm.vmoptions'
    'RIDER_VM_OPTIONS' => 'E:\\CLion_start\\jetbra\\jetbra\\vmoptions\\rider.vmoptions'
    'RUBYMINE_VM_OPTIONS' => 'E:\\CLion_start\\jetbra\\jetbra\\vmoptions\\rubymine.vmoptions'
    'SESSIONNAME' => 'Console'
    'STUDIO_VM_OPTIONS' => 'E:\\CLion_start\\jetbra\\jetbra\\vmoptions\\studio.vmoptions'
    'SystemDrive' => 'C:'
    'SystemRoot' => 'C:\\Windows'
    'TEMP' => 'C:\\Users\\wdnmd\\AppData\\Local\\Temp'
    'TMP' => 'C:\\Users\\wdnmd\\AppData\\Local\\Temp'
    'USERDOMAIN' => 'DESKTOP-TDD3NMT'
    'USERDOMAIN_ROAMINGPROFILE' => 'DESKTOP-TDD3NMT'
    'USERNAME' => 'wdnmd'
    'USERPROFILE' => 'C:\\Users\\wdnmd'
    'WEBIDE_VM_OPTIONS' => 'E:\\CLion_start\\jetbra\\jetbra\\vmoptions\\webide.vmoptions'
    'WEBSTORM_VM_OPTIONS' => 'E:\\CLion_start\\jetbra\\jetbra\\vmoptions\\webstorm.vmoptions'
    'windir' => 'C:\\Windows'
    'PHP_SELF' => 'yii'
    'SCRIPT_NAME' => 'yii'
    'SCRIPT_FILENAME' => 'yii'
    'PATH_TRANSLATED' => 'yii'
    'DOCUMENT_ROOT' => ''
    'REQUEST_TIME_FLOAT' => 1705058148.9473
    'REQUEST_TIME' => 1705058148
    'argv' => [
        0 => 'yii'
        1 => 'migrate'
    ]
    'argc' => 2
]
2024-01-13 10:28:05 [-][-][-][error][yii\console\Exception] exception 'yii\base\InvalidRouteException' with message 'Unable to resolve the request "migrationPath=@yii/rbac/migrations".' in E:\wamp\www\blogdemo2\vendor\yiisoft\yii2\base\Module.php:460
Stack trace:
#0 E:\wamp\www\blogdemo2\vendor\yiisoft\yii2\console\Application.php(176): yii\base\Module->runAction('migrationPath=@...', Array)
#1 E:\wamp\www\blogdemo2\vendor\yiisoft\yii2\console\Application.php(143): yii\console\Application->runAction('migrationPath=@...', Array)
#2 E:\wamp\www\blogdemo2\vendor\yiisoft\yii2\base\Application.php(375): yii\console\Application->handleRequest(Object(yii\console\Request))
#3 E:\wamp\www\blogdemo2\yii(27): yii\base\Application->run()
#4 {main}

Next exception 'yii\console\Exception' with message 'Unknown command "migrationPath=@yii/rbac/migrations".' in E:\wamp\www\blogdemo2\vendor\yiisoft\yii2\console\Application.php:179
Stack trace:
#0 E:\wamp\www\blogdemo2\vendor\yiisoft\yii2\console\Application.php(143): yii\console\Application->runAction('migrationPath=@...', Array)
#1 E:\wamp\www\blogdemo2\vendor\yiisoft\yii2\base\Application.php(375): yii\console\Application->handleRequest(Object(yii\console\Request))
#2 E:\wamp\www\blogdemo2\yii(27): yii\base\Application->run()
#3 {main}
2024-01-13 10:28:05 [-][-][-][info][application] $_SERVER = [
    'ALLUSERSPROFILE' => 'C:\\ProgramData'
    'APPCODE_VM_OPTIONS' => 'E:\\CLion_start\\jetbra\\jetbra\\vmoptions\\appcode.vmoptions'
    'APPDATA' => 'C:\\Users\\wdnmd\\AppData\\Roaming'
    'CLION_VM_OPTIONS' => 'E:\\CLion_start\\jetbra\\jetbra\\vmoptions\\clion.vmoptions'
    'CommonProgramFiles' => 'C:\\Program Files\\Common Files'
    'CommonProgramFiles(x86)' => 'C:\\Program Files (x86)\\Common Files'
    'CommonProgramW6432' => 'C:\\Program Files\\Common Files'
    'COMPUTERNAME' => 'DESKTOP-TDD3NMT'
    'ComSpec' => 'C:\\Windows\\system32\\cmd.exe'
    'DATAGRIP_VM_OPTIONS' => 'E:\\CLion_start\\jetbra\\jetbra\\vmoptions\\datagrip.vmoptions'
    'DATASPELL_VM_OPTIONS' => 'E:\\CLion_start\\jetbra\\jetbra\\vmoptions\\dataspell.vmoptions'
    'DEVECOSTUDIO_VM_OPTIONS' => 'E:\\CLion_start\\jetbra\\jetbra\\vmoptions\\devecostudio.vmoptions'
    'DriverData' => 'C:\\Windows\\System32\\Drivers\\DriverData'
    'FPS_BROWSER_APP_PROFILE_STRING' => 'Internet Explorer'
    'FPS_BROWSER_USER_PROFILE_STRING' => 'Default'
    'GATEWAY_VM_OPTIONS' => 'E:\\CLion_start\\jetbra\\jetbra\\vmoptions\\gateway.vmoptions'
    'GOLAND_VM_OPTIONS' => 'E:\\CLion_start\\jetbra\\jetbra\\vmoptions\\goland.vmoptions'
    'HOMEDRIVE' => 'C:'
    'HOMEPATH' => '\\Users\\wdnmd'
    'IDEA_VM_OPTIONS' => 'E:\\CLion_start\\jetbra\\jetbra\\vmoptions\\idea.vmoptions'
    'JAVA_HOME' => 'E:\\jdk'
    'JETBRAINSCLIENT_VM_OPTIONS' => 'E:\\CLion_start\\jetbra\\jetbra\\vmoptions\\jetbrainsclient.vmoptions'
    'JETBRAINS_CLIENT_VM_OPTIONS' => 'E:\\CLion_start\\jetbra\\jetbra\\vmoptions\\jetbrains_client.vmoptions'
    'LOCALAPPDATA' => 'C:\\Users\\wdnmd\\AppData\\Local'
    'LOGONSERVER' => '\\\\DESKTOP-TDD3NMT'
    'NUMBER_OF_PROCESSORS' => '2'
    'OneDrive' => 'C:\\Users\\wdnmd\\OneDrive'
    'OS' => 'Windows_NT'
    'Path' => 'C:\\Windows\\system32;C:\\Windows;C:\\Windows\\System32\\Wbem;C:\\Windows\\System32\\WindowsPowerShell\\v1.0\\;C:\\Windows\\System32\\OpenSSH\\;E:\\jdk\\bin;E:\\jdk\\jre\\bin;E:\\wamp\\bin\\php\\php5.5.12;E:\\composer;C:\\Users\\wdnmd\\AppData\\Local\\Microsoft\\WindowsApps;;E:\\PhpStorm 2023.3\\bin;;C:\\Users\\wdnmd\\AppData\\Roaming\\Composer\\vendor\\bin'
    'PATHEXT' => '.COM;.EXE;.BAT;.CMD;.VBS;.VBE;.JS;.JSE;.WSF;.WSH;.MSC'
    'PhpStorm' => 'E:\\PhpStorm 2023.3\\bin;'
    'PHPSTORM_VM_OPTIONS' => 'E:\\CLion_start\\jetbra\\jetbra\\vmoptions\\phpstorm.vmoptions'
    'PHP_COMMAND' => 'php.exe'
    'PROCESSOR_ARCHITECTURE' => 'AMD64'
    'PROCESSOR_IDENTIFIER' => 'AMD64 Family 25 Model 80 Stepping 0, AuthenticAMD'
    'PROCESSOR_LEVEL' => '25'
    'PROCESSOR_REVISION' => '5000'
    'ProgramData' => 'C:\\ProgramData'
    'ProgramFiles' => 'C:\\Program Files'
    'ProgramFiles(x86)' => 'C:\\Program Files (x86)'
    'ProgramW6432' => 'C:\\Program Files'
    'PROMPT' => '$P$G'
    'PSModulePath' => 'C:\\Program Files\\WindowsPowerShell\\Modules;C:\\Windows\\system32\\WindowsPowerShell\\v1.0\\Modules'
    'PUBLIC' => 'C:\\Users\\Public'
    'PYCHARM_VM_OPTIONS' => 'E:\\CLion_start\\jetbra\\jetbra\\vmoptions\\pycharm.vmoptions'
    'RIDER_VM_OPTIONS' => 'E:\\CLion_start\\jetbra\\jetbra\\vmoptions\\rider.vmoptions'
    'RUBYMINE_VM_OPTIONS' => 'E:\\CLion_start\\jetbra\\jetbra\\vmoptions\\rubymine.vmoptions'
    'SESSIONNAME' => 'Console'
    'STUDIO_VM_OPTIONS' => 'E:\\CLion_start\\jetbra\\jetbra\\vmoptions\\studio.vmoptions'
    'SystemDrive' => 'C:'
    'SystemRoot' => 'C:\\Windows'
    'TEMP' => 'C:\\Users\\wdnmd\\AppData\\Local\\Temp'
    'TMP' => 'C:\\Users\\wdnmd\\AppData\\Local\\Temp'
    'USERDOMAIN' => 'DESKTOP-TDD3NMT'
    'USERDOMAIN_ROAMINGPROFILE' => 'DESKTOP-TDD3NMT'
    'USERNAME' => 'wdnmd'
    'USERPROFILE' => 'C:\\Users\\wdnmd'
    'WEBIDE_VM_OPTIONS' => 'E:\\CLion_start\\jetbra\\jetbra\\vmoptions\\webide.vmoptions'
    'WEBSTORM_VM_OPTIONS' => 'E:\\CLion_start\\jetbra\\jetbra\\vmoptions\\webstorm.vmoptions'
    'windir' => 'C:\\Windows'
    'YII_PATH' => 'E:\\wamp\\www\\blogdemo2\\'
    'PHP_SELF' => 'E:\\wamp\\www\\blogdemo2\\yii'
    'SCRIPT_NAME' => 'E:\\wamp\\www\\blogdemo2\\yii'
    'SCRIPT_FILENAME' => 'E:\\wamp\\www\\blogdemo2\\yii'
    'PATH_TRANSLATED' => 'E:\\wamp\\www\\blogdemo2\\yii'
    'DOCUMENT_ROOT' => ''
    'REQUEST_TIME_FLOAT' => 1705138085.6154
    'REQUEST_TIME' => 1705138085
    'argv' => [
        0 => 'E:\\wamp\\www\\blogdemo2\\yii'
        1 => 'migrationPath=@yii/rbac/migrations'
    ]
    'argc' => 2
]
2024-01-13 10:36:59 [-][-][-][error][yii\base\UnknownClassException] exception 'yii\base\UnknownClassException' with message 'Unable to find 'console\controllers\RbacController' in file: E:\wamp\www\blogdemo2/console/controllers/RbacController.php. Namespace missing?' in E:\wamp\www\blogdemo2\vendor\yiisoft\yii2\BaseYii.php:291
Stack trace:
#0 [internal function]: yii\BaseYii::autoload('console\\control...')
#1 [internal function]: spl_autoload_call('console\\control...')
#2 E:\wamp\www\blogdemo2\vendor\yiisoft\yii2\base\Module.php(562): class_exists('console\\control...')
#3 E:\wamp\www\blogdemo2\vendor\yiisoft\yii2\base\Module.php(520): yii\base\Module->createControllerByID('rbac')
#4 E:\wamp\www\blogdemo2\vendor\yiisoft\yii2\base\Module.php(448): yii\base\Module->createController('rbac/init')
#5 E:\wamp\www\blogdemo2\vendor\yiisoft\yii2\console\Application.php(176): yii\base\Module->runAction('rbac/init', Array)
#6 E:\wamp\www\blogdemo2\vendor\yiisoft\yii2\console\Application.php(143): yii\console\Application->runAction('rbac/init', Array)
#7 E:\wamp\www\blogdemo2\vendor\yiisoft\yii2\base\Application.php(375): yii\console\Application->handleRequest(Object(yii\console\Request))
#8 E:\wamp\www\blogdemo2\yii(27): yii\base\Application->run()
#9 {main}
2024-01-13 10:36:59 [-][-][-][info][application] $_SERVER = [
    'PHP_COMMAND' => 'php.exe'
    'PROMPT' => '$P$G'
    'PSExecutionPolicyPreference' => 'Bypass'
    'TERM_SESSION_ID' => '54f96060-fea8-4ac0-aa90-89ebbaaff24f'
    'CommonProgramW6432' => 'C:\\Program Files\\Common Files'
    'ProgramW6432' => 'C:\\Program Files'
    'CLION_VM_OPTIONS' => 'E:\\CLion_start\\jetbra\\jetbra\\vmoptions\\clion.vmoptions'
    'JETBRAINS_CLIENT_VM_OPTIONS' => 'E:\\CLion_start\\jetbra\\jetbra\\vmoptions\\jetbrains_client.vmoptions'
    'DATAGRIP_VM_OPTIONS' => 'E:\\CLion_start\\jetbra\\jetbra\\vmoptions\\datagrip.vmoptions'
    'USERNAME' => 'wdnmd'
    'ALLUSERSPROFILE' => 'C:\\ProgramData'
    'USERPROFILE' => 'C:\\Users\\wdnmd'
    'RUBYMINE_VM_OPTIONS' => 'E:\\CLion_start\\jetbra\\jetbra\\vmoptions\\rubymine.vmoptions'
    'PROCESSOR_REVISION' => '5000'
    'IDEA_INITIAL_DIRECTORY' => 'C:\\Users\\wdnmd\\Desktop'
    'FPS_BROWSER_APP_PROFILE_STRING' => 'Internet Explorer'
    'PUBLIC' => 'C:\\Users\\Public'
    'PYCHARM_VM_OPTIONS' => 'E:\\CLion_start\\jetbra\\jetbra\\vmoptions\\pycharm.vmoptions'
    'Path' => 'E:\\wamp\\bin\\php\\php5.5.12;C:\\Windows\\system32;C:\\Windows;C:\\Windows\\System32\\Wbem;C:\\Windows\\System32\\WindowsPowerShell\\v1.0\\;C:\\Windows\\System32\\OpenSSH\\;E:\\jdk\\bin;E:\\jdk\\jre\\bin;E:\\wamp\\bin\\php\\php5.5.12;E:\\composer;C:\\Users\\wdnmd\\AppData\\Local\\Microsoft\\WindowsApps;;E:\\PhpStorm 2023.3\\bin;;C:\\Users\\wdnmd\\AppData\\Roaming\\Composer\\vendor\\bin'
    'DriverData' => 'C:\\Windows\\System32\\Drivers\\DriverData'
    'HOMEDRIVE' => 'C:'
    'IDEA_VM_OPTIONS' => 'E:\\CLion_start\\jetbra\\jetbra\\vmoptions\\idea.vmoptions'
    'SESSIONNAME' => 'Console'
    'LOGONSERVER' => '\\\\DESKTOP-TDD3NMT'
    'TERMINAL_EMULATOR' => 'JetBrains-JediTerm'
    'APPCODE_VM_OPTIONS' => 'E:\\CLion_start\\jetbra\\jetbra\\vmoptions\\appcode.vmoptions'
    'JETBRAINSCLIENT_VM_OPTIONS' => 'E:\\CLion_start\\jetbra\\jetbra\\vmoptions\\jetbrainsclient.vmoptions'
    'HOMEPATH' => '\\Users\\wdnmd'
    'SystemRoot' => 'C:\\Windows'
    'STUDIO_VM_OPTIONS' => 'E:\\CLion_start\\jetbra\\jetbra\\vmoptions\\studio.vmoptions'
    'LOCALAPPDATA' => 'C:\\Users\\wdnmd\\AppData\\Local'
    'APPDATA' => 'C:\\Users\\wdnmd\\AppData\\Roaming'
    'PROCESSOR_IDENTIFIER' => 'AMD64 Family 25 Model 80 Stepping 0, AuthenticAMD'
    'PATHEXT' => '.COM;.EXE;.BAT;.CMD;.VBS;.VBE;.JS;.JSE;.WSF;.WSH;.MSC;.CPL'
    'PSModulePath' => 'C:\\Users\\wdnmd\\Documents\\WindowsPowerShell\\Modules;C:\\Program Files\\WindowsPowerShell\\Modules;C:\\Windows\\system32\\WindowsPowerShell\\v1.0\\Modules'
    'ProgramFiles(x86)' => 'C:\\Program Files (x86)'
    'WEBIDE_VM_OPTIONS' => 'E:\\CLion_start\\jetbra\\jetbra\\vmoptions\\webide.vmoptions'
    'PHPSTORM_VM_OPTIONS' => 'E:\\CLion_start\\jetbra\\jetbra\\vmoptions\\phpstorm.vmoptions'
    'RIDER_VM_OPTIONS' => 'E:\\CLion_start\\jetbra\\jetbra\\vmoptions\\rider.vmoptions'
    'OS' => 'Windows_NT'
    'WEBSTORM_VM_OPTIONS' => 'E:\\CLion_start\\jetbra\\jetbra\\vmoptions\\webstorm.vmoptions'
    'PROCESSOR_ARCHITECTURE' => 'AMD64'
    'NUMBER_OF_PROCESSORS' => '2'
    'PhpStorm' => 'E:\\PhpStorm 2023.3\\bin;'
    'JAVA_HOME' => 'E:\\jdk'
    'PROCESSOR_LEVEL' => '25'
    'ComSpec' => 'C:\\Windows\\system32\\cmd.exe'
    'DEVECOSTUDIO_VM_OPTIONS' => 'E:\\CLion_start\\jetbra\\jetbra\\vmoptions\\devecostudio.vmoptions'
    'USERDOMAIN_ROAMINGPROFILE' => 'DESKTOP-TDD3NMT'
    'windir' => 'C:\\Windows'
    'ProgramFiles' => 'C:\\Program Files'
    'DATASPELL_VM_OPTIONS' => 'E:\\CLion_start\\jetbra\\jetbra\\vmoptions\\dataspell.vmoptions'
    'TEMP' => 'C:\\Users\\wdnmd\\AppData\\Local\\Temp'
    'TMP' => 'C:\\Users\\wdnmd\\AppData\\Local\\Temp'
    'GATEWAY_VM_OPTIONS' => 'E:\\CLion_start\\jetbra\\jetbra\\vmoptions\\gateway.vmoptions'
    'OneDrive' => 'C:\\Users\\wdnmd\\OneDrive'
    'CommonProgramFiles(x86)' => 'C:\\Program Files (x86)\\Common Files'
    'USERDOMAIN' => 'DESKTOP-TDD3NMT'
    'SystemDrive' => 'C:'
    'COMPUTERNAME' => 'DESKTOP-TDD3NMT'
    'ProgramData' => 'C:\\ProgramData'
    'GOLAND_VM_OPTIONS' => 'E:\\CLion_start\\jetbra\\jetbra\\vmoptions\\goland.vmoptions'
    'FPS_BROWSER_USER_PROFILE_STRING' => 'Default'
    'CommonProgramFiles' => 'C:\\Program Files\\Common Files'
    'YII_PATH' => 'E:\\wamp\\www\\blogdemo2\\'
    'PHP_SELF' => 'E:\\wamp\\www\\blogdemo2\\yii'
    'SCRIPT_NAME' => 'E:\\wamp\\www\\blogdemo2\\yii'
    'SCRIPT_FILENAME' => 'E:\\wamp\\www\\blogdemo2\\yii'
    'PATH_TRANSLATED' => 'E:\\wamp\\www\\blogdemo2\\yii'
    'DOCUMENT_ROOT' => ''
    'REQUEST_TIME_FLOAT' => 1705138619.1909
    'REQUEST_TIME' => 1705138619
    'argv' => [
        0 => 'E:\\wamp\\www\\blogdemo2\\yii'
        1 => 'rbac/init'
    ]
    'argc' => 2
]
2024-01-13 13:57:36 [-][-][-][error][yii\base\ErrorException:2048] exception 'yii\base\ErrorException' with message 'Declaration of console\controllers\HelloController::options() should be compatible with yii\console\Controller::options($actionID)' in E:\wamp\www\blogdemo2\console\controllers\HelloController.php:8
Stack trace:
#0 E:\wamp\www\blogdemo2\vendor\yiisoft\yii2\base\Module.php(0): yii\BaseYii::autoload()
#1 E:\wamp\www\blogdemo2\vendor\yiisoft\yii2\base\Module.php(562): ::spl_autoload_call()
#2 E:\wamp\www\blogdemo2\vendor\yiisoft\yii2\base\Module.php(562): ::class_exists()
#3 E:\wamp\www\blogdemo2\vendor\yiisoft\yii2\base\Module.php(520): yii\base\Module->createControllerByID()
#4 E:\wamp\www\blogdemo2\vendor\yiisoft\yii2\base\Module.php(448): yii\base\Module->createController()
#5 E:\wamp\www\blogdemo2\vendor\yiisoft\yii2\console\Application.php(176): yii\base\Module->runAction()
#6 E:\wamp\www\blogdemo2\vendor\yiisoft\yii2\console\Application.php(143): yii\console\Application->runAction()
#7 E:\wamp\www\blogdemo2\vendor\yiisoft\yii2\base\Application.php(375): yii\console\Application->handleRequest()
#8 E:\wamp\www\blogdemo2\yii(27): yii\base\Application->run()
#9 {main}
2024-01-13 13:57:36 [-][-][-][info][application] $_SERVER = [
    'PHP_COMMAND' => 'php.exe'
    'PROMPT' => '$P$G'
    'PSExecutionPolicyPreference' => 'Bypass'
    'TERM_SESSION_ID' => '54f96060-fea8-4ac0-aa90-89ebbaaff24f'
    'CommonProgramW6432' => 'C:\\Program Files\\Common Files'
    'ProgramW6432' => 'C:\\Program Files'
    'CLION_VM_OPTIONS' => 'E:\\CLion_start\\jetbra\\jetbra\\vmoptions\\clion.vmoptions'
    'JETBRAINS_CLIENT_VM_OPTIONS' => 'E:\\CLion_start\\jetbra\\jetbra\\vmoptions\\jetbrains_client.vmoptions'
    'DATAGRIP_VM_OPTIONS' => 'E:\\CLion_start\\jetbra\\jetbra\\vmoptions\\datagrip.vmoptions'
    'USERNAME' => 'wdnmd'
    'ALLUSERSPROFILE' => 'C:\\ProgramData'
    'USERPROFILE' => 'C:\\Users\\wdnmd'
    'RUBYMINE_VM_OPTIONS' => 'E:\\CLion_start\\jetbra\\jetbra\\vmoptions\\rubymine.vmoptions'
    'PROCESSOR_REVISION' => '5000'
    'IDEA_INITIAL_DIRECTORY' => 'C:\\Users\\wdnmd\\Desktop'
    'FPS_BROWSER_APP_PROFILE_STRING' => 'Internet Explorer'
    'PUBLIC' => 'C:\\Users\\Public'
    'PYCHARM_VM_OPTIONS' => 'E:\\CLion_start\\jetbra\\jetbra\\vmoptions\\pycharm.vmoptions'
    'Path' => 'E:\\wamp\\bin\\php\\php5.5.12;C:\\Windows\\system32;C:\\Windows;C:\\Windows\\System32\\Wbem;C:\\Windows\\System32\\WindowsPowerShell\\v1.0\\;C:\\Windows\\System32\\OpenSSH\\;E:\\jdk\\bin;E:\\jdk\\jre\\bin;E:\\wamp\\bin\\php\\php5.5.12;E:\\composer;C:\\Users\\wdnmd\\AppData\\Local\\Microsoft\\WindowsApps;;E:\\PhpStorm 2023.3\\bin;;C:\\Users\\wdnmd\\AppData\\Roaming\\Composer\\vendor\\bin'
    'DriverData' => 'C:\\Windows\\System32\\Drivers\\DriverData'
    'HOMEDRIVE' => 'C:'
    'IDEA_VM_OPTIONS' => 'E:\\CLion_start\\jetbra\\jetbra\\vmoptions\\idea.vmoptions'
    'SESSIONNAME' => 'Console'
    'LOGONSERVER' => '\\\\DESKTOP-TDD3NMT'
    'TERMINAL_EMULATOR' => 'JetBrains-JediTerm'
    'APPCODE_VM_OPTIONS' => 'E:\\CLion_start\\jetbra\\jetbra\\vmoptions\\appcode.vmoptions'
    'JETBRAINSCLIENT_VM_OPTIONS' => 'E:\\CLion_start\\jetbra\\jetbra\\vmoptions\\jetbrainsclient.vmoptions'
    'HOMEPATH' => '\\Users\\wdnmd'
    'SystemRoot' => 'C:\\Windows'
    'STUDIO_VM_OPTIONS' => 'E:\\CLion_start\\jetbra\\jetbra\\vmoptions\\studio.vmoptions'
    'LOCALAPPDATA' => 'C:\\Users\\wdnmd\\AppData\\Local'
    'APPDATA' => 'C:\\Users\\wdnmd\\AppData\\Roaming'
    'PROCESSOR_IDENTIFIER' => 'AMD64 Family 25 Model 80 Stepping 0, AuthenticAMD'
    'PATHEXT' => '.COM;.EXE;.BAT;.CMD;.VBS;.VBE;.JS;.JSE;.WSF;.WSH;.MSC;.CPL'
    'PSModulePath' => 'C:\\Users\\wdnmd\\Documents\\WindowsPowerShell\\Modules;C:\\Program Files\\WindowsPowerShell\\Modules;C:\\Windows\\system32\\WindowsPowerShell\\v1.0\\Modules'
    'ProgramFiles(x86)' => 'C:\\Program Files (x86)'
    'WEBIDE_VM_OPTIONS' => 'E:\\CLion_start\\jetbra\\jetbra\\vmoptions\\webide.vmoptions'
    'PHPSTORM_VM_OPTIONS' => 'E:\\CLion_start\\jetbra\\jetbra\\vmoptions\\phpstorm.vmoptions'
    'RIDER_VM_OPTIONS' => 'E:\\CLion_start\\jetbra\\jetbra\\vmoptions\\rider.vmoptions'
    'OS' => 'Windows_NT'
    'WEBSTORM_VM_OPTIONS' => 'E:\\CLion_start\\jetbra\\jetbra\\vmoptions\\webstorm.vmoptions'
    'PROCESSOR_ARCHITECTURE' => 'AMD64'
    'NUMBER_OF_PROCESSORS' => '2'
    'PhpStorm' => 'E:\\PhpStorm 2023.3\\bin;'
    'JAVA_HOME' => 'E:\\jdk'
    'PROCESSOR_LEVEL' => '25'
    'ComSpec' => 'C:\\Windows\\system32\\cmd.exe'
    'DEVECOSTUDIO_VM_OPTIONS' => 'E:\\CLion_start\\jetbra\\jetbra\\vmoptions\\devecostudio.vmoptions'
    'USERDOMAIN_ROAMINGPROFILE' => 'DESKTOP-TDD3NMT'
    'windir' => 'C:\\Windows'
    'ProgramFiles' => 'C:\\Program Files'
    'DATASPELL_VM_OPTIONS' => 'E:\\CLion_start\\jetbra\\jetbra\\vmoptions\\dataspell.vmoptions'
    'TEMP' => 'C:\\Users\\wdnmd\\AppData\\Local\\Temp'
    'TMP' => 'C:\\Users\\wdnmd\\AppData\\Local\\Temp'
    'GATEWAY_VM_OPTIONS' => 'E:\\CLion_start\\jetbra\\jetbra\\vmoptions\\gateway.vmoptions'
    'OneDrive' => 'C:\\Users\\wdnmd\\OneDrive'
    'CommonProgramFiles(x86)' => 'C:\\Program Files (x86)\\Common Files'
    'USERDOMAIN' => 'DESKTOP-TDD3NMT'
    'SystemDrive' => 'C:'
    'COMPUTERNAME' => 'DESKTOP-TDD3NMT'
    'ProgramData' => 'C:\\ProgramData'
    'GOLAND_VM_OPTIONS' => 'E:\\CLion_start\\jetbra\\jetbra\\vmoptions\\goland.vmoptions'
    'FPS_BROWSER_USER_PROFILE_STRING' => 'Default'
    'CommonProgramFiles' => 'C:\\Program Files\\Common Files'
    'YII_PATH' => 'E:\\wamp\\www\\blogdemo2\\'
    'PHP_SELF' => 'E:\\wamp\\www\\blogdemo2\\yii'
    'SCRIPT_NAME' => 'E:\\wamp\\www\\blogdemo2\\yii'
    'SCRIPT_FILENAME' => 'E:\\wamp\\www\\blogdemo2\\yii'
    'PATH_TRANSLATED' => 'E:\\wamp\\www\\blogdemo2\\yii'
    'DOCUMENT_ROOT' => ''
    'REQUEST_TIME_FLOAT' => 1705150656.0477
    'REQUEST_TIME' => 1705150656
    'argv' => [
        0 => 'E:\\wamp\\www\\blogdemo2\\yii'
        1 => 'hello/index'
    ]
    'argc' => 2
]
2024-01-13 14:04:19 [-][-][-][error][yii\console\Exception] exception 'yii\base\InvalidRouteException' with message 'Unable to resolve the request "ls".' in E:\wamp\www\blogdemo2\vendor\yiisoft\yii2\base\Module.php:460
Stack trace:
#0 E:\wamp\www\blogdemo2\vendor\yiisoft\yii2\console\Application.php(176): yii\base\Module->runAction('ls', Array)
#1 E:\wamp\www\blogdemo2\vendor\yiisoft\yii2\console\Application.php(143): yii\console\Application->runAction('ls', Array)
#2 E:\wamp\www\blogdemo2\vendor\yiisoft\yii2\base\Application.php(375): yii\console\Application->handleRequest(Object(yii\console\Request))
#3 E:\wamp\www\blogdemo2\yii(27): yii\base\Application->run()
#4 {main}

Next exception 'yii\console\Exception' with message 'Unknown command "ls".' in E:\wamp\www\blogdemo2\vendor\yiisoft\yii2\console\Application.php:179
Stack trace:
#0 E:\wamp\www\blogdemo2\vendor\yiisoft\yii2\console\Application.php(143): yii\console\Application->runAction('ls', Array)
#1 E:\wamp\www\blogdemo2\vendor\yiisoft\yii2\base\Application.php(375): yii\console\Application->handleRequest(Object(yii\console\Request))
#2 E:\wamp\www\blogdemo2\yii(27): yii\base\Application->run()
#3 {main}
2024-01-13 14:04:19 [-][-][-][info][application] $_SERVER = [
    'PHP_COMMAND' => 'php.exe'
    'PROMPT' => '$P$G'
    'PSExecutionPolicyPreference' => 'Bypass'
    'TERM_SESSION_ID' => '54f96060-fea8-4ac0-aa90-89ebbaaff24f'
    'CommonProgramW6432' => 'C:\\Program Files\\Common Files'
    'ProgramW6432' => 'C:\\Program Files'
    'CLION_VM_OPTIONS' => 'E:\\CLion_start\\jetbra\\jetbra\\vmoptions\\clion.vmoptions'
    'JETBRAINS_CLIENT_VM_OPTIONS' => 'E:\\CLion_start\\jetbra\\jetbra\\vmoptions\\jetbrains_client.vmoptions'
    'DATAGRIP_VM_OPTIONS' => 'E:\\CLion_start\\jetbra\\jetbra\\vmoptions\\datagrip.vmoptions'
    'USERNAME' => 'wdnmd'
    'ALLUSERSPROFILE' => 'C:\\ProgramData'
    'USERPROFILE' => 'C:\\Users\\wdnmd'
    'RUBYMINE_VM_OPTIONS' => 'E:\\CLion_start\\jetbra\\jetbra\\vmoptions\\rubymine.vmoptions'
    'PROCESSOR_REVISION' => '5000'
    'IDEA_INITIAL_DIRECTORY' => 'C:\\Users\\wdnmd\\Desktop'
    'FPS_BROWSER_APP_PROFILE_STRING' => 'Internet Explorer'
    'PUBLIC' => 'C:\\Users\\Public'
    'PYCHARM_VM_OPTIONS' => 'E:\\CLion_start\\jetbra\\jetbra\\vmoptions\\pycharm.vmoptions'
    'Path' => 'E:\\wamp\\bin\\php\\php5.5.12;C:\\Windows\\system32;C:\\Windows;C:\\Windows\\System32\\Wbem;C:\\Windows\\System32\\WindowsPowerShell\\v1.0\\;C:\\Windows\\System32\\OpenSSH\\;E:\\jdk\\bin;E:\\jdk\\jre\\bin;E:\\wamp\\bin\\php\\php5.5.12;E:\\composer;C:\\Users\\wdnmd\\AppData\\Local\\Microsoft\\WindowsApps;;E:\\PhpStorm 2023.3\\bin;;C:\\Users\\wdnmd\\AppData\\Roaming\\Composer\\vendor\\bin'
    'DriverData' => 'C:\\Windows\\System32\\Drivers\\DriverData'
    'HOMEDRIVE' => 'C:'
    'IDEA_VM_OPTIONS' => 'E:\\CLion_start\\jetbra\\jetbra\\vmoptions\\idea.vmoptions'
    'SESSIONNAME' => 'Console'
    'LOGONSERVER' => '\\\\DESKTOP-TDD3NMT'
    'TERMINAL_EMULATOR' => 'JetBrains-JediTerm'
    'APPCODE_VM_OPTIONS' => 'E:\\CLion_start\\jetbra\\jetbra\\vmoptions\\appcode.vmoptions'
    'JETBRAINSCLIENT_VM_OPTIONS' => 'E:\\CLion_start\\jetbra\\jetbra\\vmoptions\\jetbrainsclient.vmoptions'
    'HOMEPATH' => '\\Users\\wdnmd'
    'SystemRoot' => 'C:\\Windows'
    'STUDIO_VM_OPTIONS' => 'E:\\CLion_start\\jetbra\\jetbra\\vmoptions\\studio.vmoptions'
    'LOCALAPPDATA' => 'C:\\Users\\wdnmd\\AppData\\Local'
    'APPDATA' => 'C:\\Users\\wdnmd\\AppData\\Roaming'
    'PROCESSOR_IDENTIFIER' => 'AMD64 Family 25 Model 80 Stepping 0, AuthenticAMD'
    'PATHEXT' => '.COM;.EXE;.BAT;.CMD;.VBS;.VBE;.JS;.JSE;.WSF;.WSH;.MSC;.CPL'
    'PSModulePath' => 'C:\\Users\\wdnmd\\Documents\\WindowsPowerShell\\Modules;C:\\Program Files\\WindowsPowerShell\\Modules;C:\\Windows\\system32\\WindowsPowerShell\\v1.0\\Modules'
    'ProgramFiles(x86)' => 'C:\\Program Files (x86)'
    'WEBIDE_VM_OPTIONS' => 'E:\\CLion_start\\jetbra\\jetbra\\vmoptions\\webide.vmoptions'
    'PHPSTORM_VM_OPTIONS' => 'E:\\CLion_start\\jetbra\\jetbra\\vmoptions\\phpstorm.vmoptions'
    'RIDER_VM_OPTIONS' => 'E:\\CLion_start\\jetbra\\jetbra\\vmoptions\\rider.vmoptions'
    'OS' => 'Windows_NT'
    'WEBSTORM_VM_OPTIONS' => 'E:\\CLion_start\\jetbra\\jetbra\\vmoptions\\webstorm.vmoptions'
    'PROCESSOR_ARCHITECTURE' => 'AMD64'
    'NUMBER_OF_PROCESSORS' => '2'
    'PhpStorm' => 'E:\\PhpStorm 2023.3\\bin;'
    'JAVA_HOME' => 'E:\\jdk'
    'PROCESSOR_LEVEL' => '25'
    'ComSpec' => 'C:\\Windows\\system32\\cmd.exe'
    'DEVECOSTUDIO_VM_OPTIONS' => 'E:\\CLion_start\\jetbra\\jetbra\\vmoptions\\devecostudio.vmoptions'
    'USERDOMAIN_ROAMINGPROFILE' => 'DESKTOP-TDD3NMT'
    'windir' => 'C:\\Windows'
    'ProgramFiles' => 'C:\\Program Files'
    'DATASPELL_VM_OPTIONS' => 'E:\\CLion_start\\jetbra\\jetbra\\vmoptions\\dataspell.vmoptions'
    'TEMP' => 'C:\\Users\\wdnmd\\AppData\\Local\\Temp'
    'TMP' => 'C:\\Users\\wdnmd\\AppData\\Local\\Temp'
    'GATEWAY_VM_OPTIONS' => 'E:\\CLion_start\\jetbra\\jetbra\\vmoptions\\gateway.vmoptions'
    'OneDrive' => 'C:\\Users\\wdnmd\\OneDrive'
    'CommonProgramFiles(x86)' => 'C:\\Program Files (x86)\\Common Files'
    'USERDOMAIN' => 'DESKTOP-TDD3NMT'
    'SystemDrive' => 'C:'
    'COMPUTERNAME' => 'DESKTOP-TDD3NMT'
    'ProgramData' => 'C:\\ProgramData'
    'GOLAND_VM_OPTIONS' => 'E:\\CLion_start\\jetbra\\jetbra\\vmoptions\\goland.vmoptions'
    'FPS_BROWSER_USER_PROFILE_STRING' => 'Default'
    'CommonProgramFiles' => 'C:\\Program Files\\Common Files'
    'YII_PATH' => 'E:\\wamp\\www\\blogdemo2\\'
    'PHP_SELF' => 'E:\\wamp\\www\\blogdemo2\\yii'
    'SCRIPT_NAME' => 'E:\\wamp\\www\\blogdemo2\\yii'
    'SCRIPT_FILENAME' => 'E:\\wamp\\www\\blogdemo2\\yii'
    'PATH_TRANSLATED' => 'E:\\wamp\\www\\blogdemo2\\yii'
    'DOCUMENT_ROOT' => ''
    'REQUEST_TIME_FLOAT' => 1705151059.3063
    'REQUEST_TIME' => 1705151059
    'argv' => [
        0 => 'E:\\wamp\\www\\blogdemo2\\yii'
        1 => 'ls'
        2 => '-l'
    ]
    'argc' => 3
]
2024-01-13 14:05:55 [-][-][-][error][yii\base\ErrorException:2048] exception 'yii\base\ErrorException' with message 'Declaration of console\controllers\HelloController::options() should be compatible with yii\console\Controller::options($actionID)' in E:\wamp\www\blogdemo2\console\controllers\HelloController.php:8
Stack trace:
#0 E:\wamp\www\blogdemo2\vendor\yiisoft\yii2\base\Module.php(0): yii\BaseYii::autoload()
#1 E:\wamp\www\blogdemo2\vendor\yiisoft\yii2\base\Module.php(562): ::spl_autoload_call()
#2 E:\wamp\www\blogdemo2\vendor\yiisoft\yii2\base\Module.php(562): ::class_exists()
#3 E:\wamp\www\blogdemo2\vendor\yiisoft\yii2\base\Module.php(520): yii\base\Module->createControllerByID()
#4 E:\wamp\www\blogdemo2\vendor\yiisoft\yii2\base\Module.php(448): yii\base\Module->createController()
#5 E:\wamp\www\blogdemo2\vendor\yiisoft\yii2\console\Application.php(176): yii\base\Module->runAction()
#6 E:\wamp\www\blogdemo2\vendor\yiisoft\yii2\console\Application.php(143): yii\console\Application->runAction()
#7 E:\wamp\www\blogdemo2\vendor\yiisoft\yii2\base\Application.php(375): yii\console\Application->handleRequest()
#8 E:\wamp\www\blogdemo2\yii(27): yii\base\Application->run()
#9 {main}
2024-01-13 14:05:55 [-][-][-][info][application] $_SERVER = [
    'PHP_COMMAND' => 'php.exe'
    'PROMPT' => '$P$G'
    'PSExecutionPolicyPreference' => 'Bypass'
    'TERM_SESSION_ID' => '54f96060-fea8-4ac0-aa90-89ebbaaff24f'
    'CommonProgramW6432' => 'C:\\Program Files\\Common Files'
    'ProgramW6432' => 'C:\\Program Files'
    'CLION_VM_OPTIONS' => 'E:\\CLion_start\\jetbra\\jetbra\\vmoptions\\clion.vmoptions'
    'JETBRAINS_CLIENT_VM_OPTIONS' => 'E:\\CLion_start\\jetbra\\jetbra\\vmoptions\\jetbrains_client.vmoptions'
    'DATAGRIP_VM_OPTIONS' => 'E:\\CLion_start\\jetbra\\jetbra\\vmoptions\\datagrip.vmoptions'
    'USERNAME' => 'wdnmd'
    'ALLUSERSPROFILE' => 'C:\\ProgramData'
    'USERPROFILE' => 'C:\\Users\\wdnmd'
    'RUBYMINE_VM_OPTIONS' => 'E:\\CLion_start\\jetbra\\jetbra\\vmoptions\\rubymine.vmoptions'
    'PROCESSOR_REVISION' => '5000'
    'IDEA_INITIAL_DIRECTORY' => 'C:\\Users\\wdnmd\\Desktop'
    'FPS_BROWSER_APP_PROFILE_STRING' => 'Internet Explorer'
    'PUBLIC' => 'C:\\Users\\Public'
    'PYCHARM_VM_OPTIONS' => 'E:\\CLion_start\\jetbra\\jetbra\\vmoptions\\pycharm.vmoptions'
    'Path' => 'E:\\wamp\\bin\\php\\php5.5.12;C:\\Windows\\system32;C:\\Windows;C:\\Windows\\System32\\Wbem;C:\\Windows\\System32\\WindowsPowerShell\\v1.0\\;C:\\Windows\\System32\\OpenSSH\\;E:\\jdk\\bin;E:\\jdk\\jre\\bin;E:\\wamp\\bin\\php\\php5.5.12;E:\\composer;C:\\Users\\wdnmd\\AppData\\Local\\Microsoft\\WindowsApps;;E:\\PhpStorm 2023.3\\bin;;C:\\Users\\wdnmd\\AppData\\Roaming\\Composer\\vendor\\bin'
    'DriverData' => 'C:\\Windows\\System32\\Drivers\\DriverData'
    'HOMEDRIVE' => 'C:'
    'IDEA_VM_OPTIONS' => 'E:\\CLion_start\\jetbra\\jetbra\\vmoptions\\idea.vmoptions'
    'SESSIONNAME' => 'Console'
    'LOGONSERVER' => '\\\\DESKTOP-TDD3NMT'
    'TERMINAL_EMULATOR' => 'JetBrains-JediTerm'
    'APPCODE_VM_OPTIONS' => 'E:\\CLion_start\\jetbra\\jetbra\\vmoptions\\appcode.vmoptions'
    'JETBRAINSCLIENT_VM_OPTIONS' => 'E:\\CLion_start\\jetbra\\jetbra\\vmoptions\\jetbrainsclient.vmoptions'
    'HOMEPATH' => '\\Users\\wdnmd'
    'SystemRoot' => 'C:\\Windows'
    'STUDIO_VM_OPTIONS' => 'E:\\CLion_start\\jetbra\\jetbra\\vmoptions\\studio.vmoptions'
    'LOCALAPPDATA' => 'C:\\Users\\wdnmd\\AppData\\Local'
    'APPDATA' => 'C:\\Users\\wdnmd\\AppData\\Roaming'
    'PROCESSOR_IDENTIFIER' => 'AMD64 Family 25 Model 80 Stepping 0, AuthenticAMD'
    'PATHEXT' => '.COM;.EXE;.BAT;.CMD;.VBS;.VBE;.JS;.JSE;.WSF;.WSH;.MSC;.CPL'
    'PSModulePath' => 'C:\\Users\\wdnmd\\Documents\\WindowsPowerShell\\Modules;C:\\Program Files\\WindowsPowerShell\\Modules;C:\\Windows\\system32\\WindowsPowerShell\\v1.0\\Modules'
    'ProgramFiles(x86)' => 'C:\\Program Files (x86)'
    'WEBIDE_VM_OPTIONS' => 'E:\\CLion_start\\jetbra\\jetbra\\vmoptions\\webide.vmoptions'
    'PHPSTORM_VM_OPTIONS' => 'E:\\CLion_start\\jetbra\\jetbra\\vmoptions\\phpstorm.vmoptions'
    'RIDER_VM_OPTIONS' => 'E:\\CLion_start\\jetbra\\jetbra\\vmoptions\\rider.vmoptions'
    'OS' => 'Windows_NT'
    'WEBSTORM_VM_OPTIONS' => 'E:\\CLion_start\\jetbra\\jetbra\\vmoptions\\webstorm.vmoptions'
    'PROCESSOR_ARCHITECTURE' => 'AMD64'
    'NUMBER_OF_PROCESSORS' => '2'
    'PhpStorm' => 'E:\\PhpStorm 2023.3\\bin;'
    'JAVA_HOME' => 'E:\\jdk'
    'PROCESSOR_LEVEL' => '25'
    'ComSpec' => 'C:\\Windows\\system32\\cmd.exe'
    'DEVECOSTUDIO_VM_OPTIONS' => 'E:\\CLion_start\\jetbra\\jetbra\\vmoptions\\devecostudio.vmoptions'
    'USERDOMAIN_ROAMINGPROFILE' => 'DESKTOP-TDD3NMT'
    'windir' => 'C:\\Windows'
    'ProgramFiles' => 'C:\\Program Files'
    'DATASPELL_VM_OPTIONS' => 'E:\\CLion_start\\jetbra\\jetbra\\vmoptions\\dataspell.vmoptions'
    'TEMP' => 'C:\\Users\\wdnmd\\AppData\\Local\\Temp'
    'TMP' => 'C:\\Users\\wdnmd\\AppData\\Local\\Temp'
    'GATEWAY_VM_OPTIONS' => 'E:\\CLion_start\\jetbra\\jetbra\\vmoptions\\gateway.vmoptions'
    'OneDrive' => 'C:\\Users\\wdnmd\\OneDrive'
    'CommonProgramFiles(x86)' => 'C:\\Program Files (x86)\\Common Files'
    'USERDOMAIN' => 'DESKTOP-TDD3NMT'
    'SystemDrive' => 'C:'
    'COMPUTERNAME' => 'DESKTOP-TDD3NMT'
    'ProgramData' => 'C:\\ProgramData'
    'GOLAND_VM_OPTIONS' => 'E:\\CLion_start\\jetbra\\jetbra\\vmoptions\\goland.vmoptions'
    'FPS_BROWSER_USER_PROFILE_STRING' => 'Default'
    'CommonProgramFiles' => 'C:\\Program Files\\Common Files'
    'YII_PATH' => 'E:\\wamp\\www\\blogdemo2\\'
    'PHP_SELF' => 'E:\\wamp\\www\\blogdemo2\\yii'
    'SCRIPT_NAME' => 'E:\\wamp\\www\\blogdemo2\\yii'
    'SCRIPT_FILENAME' => 'E:\\wamp\\www\\blogdemo2\\yii'
    'PATH_TRANSLATED' => 'E:\\wamp\\www\\blogdemo2\\yii'
    'DOCUMENT_ROOT' => ''
    'REQUEST_TIME_FLOAT' => 1705151155.5037
    'REQUEST_TIME' => 1705151155
    'argv' => [
        0 => 'E:\\wamp\\www\\blogdemo2\\yii'
        1 => 'hello'
    ]
    'argc' => 2
]
2024-01-13 14:07:08 [-][-][-][error][yii\base\ErrorException:2048] exception 'yii\base\ErrorException' with message 'Declaration of console\controllers\HelloController::options() should be compatible with yii\console\Controller::options($actionID)' in E:\wamp\www\blogdemo2\console\controllers\HelloController.php:8
Stack trace:
#0 E:\wamp\www\blogdemo2\vendor\yiisoft\yii2\base\Module.php(0): yii\BaseYii::autoload()
#1 E:\wamp\www\blogdemo2\vendor\yiisoft\yii2\base\Module.php(562): ::spl_autoload_call()
#2 E:\wamp\www\blogdemo2\vendor\yiisoft\yii2\base\Module.php(562): ::class_exists()
#3 E:\wamp\www\blogdemo2\vendor\yiisoft\yii2\base\Module.php(520): yii\base\Module->createControllerByID()
#4 E:\wamp\www\blogdemo2\vendor\yiisoft\yii2\base\Module.php(448): yii\base\Module->createController()
#5 E:\wamp\www\blogdemo2\vendor\yiisoft\yii2\console\Application.php(176): yii\base\Module->runAction()
#6 E:\wamp\www\blogdemo2\vendor\yiisoft\yii2\console\Application.php(143): yii\console\Application->runAction()
#7 E:\wamp\www\blogdemo2\vendor\yiisoft\yii2\base\Application.php(375): yii\console\Application->handleRequest()
#8 E:\wamp\www\blogdemo2\yii(27): yii\base\Application->run()
#9 {main}
2024-01-13 14:07:08 [-][-][-][info][application] $_SERVER = [
    'PHP_COMMAND' => 'php.exe'
    'PROMPT' => '$P$G'
    'PSExecutionPolicyPreference' => 'Bypass'
    'TERM_SESSION_ID' => '54f96060-fea8-4ac0-aa90-89ebbaaff24f'
    'CommonProgramW6432' => 'C:\\Program Files\\Common Files'
    'ProgramW6432' => 'C:\\Program Files'
    'CLION_VM_OPTIONS' => 'E:\\CLion_start\\jetbra\\jetbra\\vmoptions\\clion.vmoptions'
    'JETBRAINS_CLIENT_VM_OPTIONS' => 'E:\\CLion_start\\jetbra\\jetbra\\vmoptions\\jetbrains_client.vmoptions'
    'DATAGRIP_VM_OPTIONS' => 'E:\\CLion_start\\jetbra\\jetbra\\vmoptions\\datagrip.vmoptions'
    'USERNAME' => 'wdnmd'
    'ALLUSERSPROFILE' => 'C:\\ProgramData'
    'USERPROFILE' => 'C:\\Users\\wdnmd'
    'RUBYMINE_VM_OPTIONS' => 'E:\\CLion_start\\jetbra\\jetbra\\vmoptions\\rubymine.vmoptions'
    'PROCESSOR_REVISION' => '5000'
    'IDEA_INITIAL_DIRECTORY' => 'C:\\Users\\wdnmd\\Desktop'
    'FPS_BROWSER_APP_PROFILE_STRING' => 'Internet Explorer'
    'PUBLIC' => 'C:\\Users\\Public'
    'PYCHARM_VM_OPTIONS' => 'E:\\CLion_start\\jetbra\\jetbra\\vmoptions\\pycharm.vmoptions'
    'Path' => 'E:\\wamp\\bin\\php\\php5.5.12;C:\\Windows\\system32;C:\\Windows;C:\\Windows\\System32\\Wbem;C:\\Windows\\System32\\WindowsPowerShell\\v1.0\\;C:\\Windows\\System32\\OpenSSH\\;E:\\jdk\\bin;E:\\jdk\\jre\\bin;E:\\wamp\\bin\\php\\php5.5.12;E:\\composer;C:\\Users\\wdnmd\\AppData\\Local\\Microsoft\\WindowsApps;;E:\\PhpStorm 2023.3\\bin;;C:\\Users\\wdnmd\\AppData\\Roaming\\Composer\\vendor\\bin'
    'DriverData' => 'C:\\Windows\\System32\\Drivers\\DriverData'
    'HOMEDRIVE' => 'C:'
    'IDEA_VM_OPTIONS' => 'E:\\CLion_start\\jetbra\\jetbra\\vmoptions\\idea.vmoptions'
    'SESSIONNAME' => 'Console'
    'LOGONSERVER' => '\\\\DESKTOP-TDD3NMT'
    'TERMINAL_EMULATOR' => 'JetBrains-JediTerm'
    'APPCODE_VM_OPTIONS' => 'E:\\CLion_start\\jetbra\\jetbra\\vmoptions\\appcode.vmoptions'
    'JETBRAINSCLIENT_VM_OPTIONS' => 'E:\\CLion_start\\jetbra\\jetbra\\vmoptions\\jetbrainsclient.vmoptions'
    'HOMEPATH' => '\\Users\\wdnmd'
    'SystemRoot' => 'C:\\Windows'
    'STUDIO_VM_OPTIONS' => 'E:\\CLion_start\\jetbra\\jetbra\\vmoptions\\studio.vmoptions'
    'LOCALAPPDATA' => 'C:\\Users\\wdnmd\\AppData\\Local'
    'APPDATA' => 'C:\\Users\\wdnmd\\AppData\\Roaming'
    'PROCESSOR_IDENTIFIER' => 'AMD64 Family 25 Model 80 Stepping 0, AuthenticAMD'
    'PATHEXT' => '.COM;.EXE;.BAT;.CMD;.VBS;.VBE;.JS;.JSE;.WSF;.WSH;.MSC;.CPL'
    'PSModulePath' => 'C:\\Users\\wdnmd\\Documents\\WindowsPowerShell\\Modules;C:\\Program Files\\WindowsPowerShell\\Modules;C:\\Windows\\system32\\WindowsPowerShell\\v1.0\\Modules'
    'ProgramFiles(x86)' => 'C:\\Program Files (x86)'
    'WEBIDE_VM_OPTIONS' => 'E:\\CLion_start\\jetbra\\jetbra\\vmoptions\\webide.vmoptions'
    'PHPSTORM_VM_OPTIONS' => 'E:\\CLion_start\\jetbra\\jetbra\\vmoptions\\phpstorm.vmoptions'
    'RIDER_VM_OPTIONS' => 'E:\\CLion_start\\jetbra\\jetbra\\vmoptions\\rider.vmoptions'
    'OS' => 'Windows_NT'
    'WEBSTORM_VM_OPTIONS' => 'E:\\CLion_start\\jetbra\\jetbra\\vmoptions\\webstorm.vmoptions'
    'PROCESSOR_ARCHITECTURE' => 'AMD64'
    'NUMBER_OF_PROCESSORS' => '2'
    'PhpStorm' => 'E:\\PhpStorm 2023.3\\bin;'
    'JAVA_HOME' => 'E:\\jdk'
    'PROCESSOR_LEVEL' => '25'
    'ComSpec' => 'C:\\Windows\\system32\\cmd.exe'
    'DEVECOSTUDIO_VM_OPTIONS' => 'E:\\CLion_start\\jetbra\\jetbra\\vmoptions\\devecostudio.vmoptions'
    'USERDOMAIN_ROAMINGPROFILE' => 'DESKTOP-TDD3NMT'
    'windir' => 'C:\\Windows'
    'ProgramFiles' => 'C:\\Program Files'
    'DATASPELL_VM_OPTIONS' => 'E:\\CLion_start\\jetbra\\jetbra\\vmoptions\\dataspell.vmoptions'
    'TEMP' => 'C:\\Users\\wdnmd\\AppData\\Local\\Temp'
    'TMP' => 'C:\\Users\\wdnmd\\AppData\\Local\\Temp'
    'GATEWAY_VM_OPTIONS' => 'E:\\CLion_start\\jetbra\\jetbra\\vmoptions\\gateway.vmoptions'
    'OneDrive' => 'C:\\Users\\wdnmd\\OneDrive'
    'CommonProgramFiles(x86)' => 'C:\\Program Files (x86)\\Common Files'
    'USERDOMAIN' => 'DESKTOP-TDD3NMT'
    'SystemDrive' => 'C:'
    'COMPUTERNAME' => 'DESKTOP-TDD3NMT'
    'ProgramData' => 'C:\\ProgramData'
    'GOLAND_VM_OPTIONS' => 'E:\\CLion_start\\jetbra\\jetbra\\vmoptions\\goland.vmoptions'
    'FPS_BROWSER_USER_PROFILE_STRING' => 'Default'
    'CommonProgramFiles' => 'C:\\Program Files\\Common Files'
    'YII_PATH' => 'E:\\wamp\\www\\blogdemo2\\'
    'PHP_SELF' => 'E:\\wamp\\www\\blogdemo2\\yii'
    'SCRIPT_NAME' => 'E:\\wamp\\www\\blogdemo2\\yii'
    'SCRIPT_FILENAME' => 'E:\\wamp\\www\\blogdemo2\\yii'
    'PATH_TRANSLATED' => 'E:\\wamp\\www\\blogdemo2\\yii'
    'DOCUMENT_ROOT' => ''
    'REQUEST_TIME_FLOAT' => 1705151228.3587
    'REQUEST_TIME' => 1705151228
    'argv' => [
        0 => 'E:\\wamp\\www\\blogdemo2\\yii'
        1 => 'hello/index'
        2 => '--ref=1'
    ]
    'argc' => 3
]
2024-01-13 14:09:27 [-][-][-][error][yii\console\Exception] exception 'yii\console\Exception' with message 'Unknown option: --r' in E:\wamp\www\blogdemo2\vendor\yiisoft\yii2\console\Controller.php:115
Stack trace:
#0 E:\wamp\www\blogdemo2\vendor\yiisoft\yii2\base\Module.php(454): yii\console\Controller->runAction('', Array)
#1 E:\wamp\www\blogdemo2\vendor\yiisoft\yii2\console\Application.php(176): yii\base\Module->runAction('hello', Array)
#2 E:\wamp\www\blogdemo2\vendor\yiisoft\yii2\console\Application.php(143): yii\console\Application->runAction('hello', Array)
#3 E:\wamp\www\blogdemo2\vendor\yiisoft\yii2\base\Application.php(375): yii\console\Application->handleRequest(Object(yii\console\Request))
#4 E:\wamp\www\blogdemo2\yii(27): yii\base\Application->run()
#5 {main}
2024-01-13 14:09:27 [-][-][-][info][application] $_SERVER = [
    'PHP_COMMAND' => 'php.exe'
    'PROMPT' => '$P$G'
    'PSExecutionPolicyPreference' => 'Bypass'
    'TERM_SESSION_ID' => '54f96060-fea8-4ac0-aa90-89ebbaaff24f'
    'CommonProgramW6432' => 'C:\\Program Files\\Common Files'
    'ProgramW6432' => 'C:\\Program Files'
    'CLION_VM_OPTIONS' => 'E:\\CLion_start\\jetbra\\jetbra\\vmoptions\\clion.vmoptions'
    'JETBRAINS_CLIENT_VM_OPTIONS' => 'E:\\CLion_start\\jetbra\\jetbra\\vmoptions\\jetbrains_client.vmoptions'
    'DATAGRIP_VM_OPTIONS' => 'E:\\CLion_start\\jetbra\\jetbra\\vmoptions\\datagrip.vmoptions'
    'USERNAME' => 'wdnmd'
    'ALLUSERSPROFILE' => 'C:\\ProgramData'
    'USERPROFILE' => 'C:\\Users\\wdnmd'
    'RUBYMINE_VM_OPTIONS' => 'E:\\CLion_start\\jetbra\\jetbra\\vmoptions\\rubymine.vmoptions'
    'PROCESSOR_REVISION' => '5000'
    'IDEA_INITIAL_DIRECTORY' => 'C:\\Users\\wdnmd\\Desktop'
    'FPS_BROWSER_APP_PROFILE_STRING' => 'Internet Explorer'
    'PUBLIC' => 'C:\\Users\\Public'
    'PYCHARM_VM_OPTIONS' => 'E:\\CLion_start\\jetbra\\jetbra\\vmoptions\\pycharm.vmoptions'
    'Path' => 'E:\\wamp\\bin\\php\\php5.5.12;C:\\Windows\\system32;C:\\Windows;C:\\Windows\\System32\\Wbem;C:\\Windows\\System32\\WindowsPowerShell\\v1.0\\;C:\\Windows\\System32\\OpenSSH\\;E:\\jdk\\bin;E:\\jdk\\jre\\bin;E:\\wamp\\bin\\php\\php5.5.12;E:\\composer;C:\\Users\\wdnmd\\AppData\\Local\\Microsoft\\WindowsApps;;E:\\PhpStorm 2023.3\\bin;;C:\\Users\\wdnmd\\AppData\\Roaming\\Composer\\vendor\\bin'
    'DriverData' => 'C:\\Windows\\System32\\Drivers\\DriverData'
    'HOMEDRIVE' => 'C:'
    'IDEA_VM_OPTIONS' => 'E:\\CLion_start\\jetbra\\jetbra\\vmoptions\\idea.vmoptions'
    'SESSIONNAME' => 'Console'
    'LOGONSERVER' => '\\\\DESKTOP-TDD3NMT'
    'TERMINAL_EMULATOR' => 'JetBrains-JediTerm'
    'APPCODE_VM_OPTIONS' => 'E:\\CLion_start\\jetbra\\jetbra\\vmoptions\\appcode.vmoptions'
    'JETBRAINSCLIENT_VM_OPTIONS' => 'E:\\CLion_start\\jetbra\\jetbra\\vmoptions\\jetbrainsclient.vmoptions'
    'HOMEPATH' => '\\Users\\wdnmd'
    'SystemRoot' => 'C:\\Windows'
    'STUDIO_VM_OPTIONS' => 'E:\\CLion_start\\jetbra\\jetbra\\vmoptions\\studio.vmoptions'
    'LOCALAPPDATA' => 'C:\\Users\\wdnmd\\AppData\\Local'
    'APPDATA' => 'C:\\Users\\wdnmd\\AppData\\Roaming'
    'PROCESSOR_IDENTIFIER' => 'AMD64 Family 25 Model 80 Stepping 0, AuthenticAMD'
    'PATHEXT' => '.COM;.EXE;.BAT;.CMD;.VBS;.VBE;.JS;.JSE;.WSF;.WSH;.MSC;.CPL'
    'PSModulePath' => 'C:\\Users\\wdnmd\\Documents\\WindowsPowerShell\\Modules;C:\\Program Files\\WindowsPowerShell\\Modules;C:\\Windows\\system32\\WindowsPowerShell\\v1.0\\Modules'
    'ProgramFiles(x86)' => 'C:\\Program Files (x86)'
    'WEBIDE_VM_OPTIONS' => 'E:\\CLion_start\\jetbra\\jetbra\\vmoptions\\webide.vmoptions'
    'PHPSTORM_VM_OPTIONS' => 'E:\\CLion_start\\jetbra\\jetbra\\vmoptions\\phpstorm.vmoptions'
    'RIDER_VM_OPTIONS' => 'E:\\CLion_start\\jetbra\\jetbra\\vmoptions\\rider.vmoptions'
    'OS' => 'Windows_NT'
    'WEBSTORM_VM_OPTIONS' => 'E:\\CLion_start\\jetbra\\jetbra\\vmoptions\\webstorm.vmoptions'
    'PROCESSOR_ARCHITECTURE' => 'AMD64'
    'NUMBER_OF_PROCESSORS' => '2'
    'PhpStorm' => 'E:\\PhpStorm 2023.3\\bin;'
    'JAVA_HOME' => 'E:\\jdk'
    'PROCESSOR_LEVEL' => '25'
    'ComSpec' => 'C:\\Windows\\system32\\cmd.exe'
    'DEVECOSTUDIO_VM_OPTIONS' => 'E:\\CLion_start\\jetbra\\jetbra\\vmoptions\\devecostudio.vmoptions'
    'USERDOMAIN_ROAMINGPROFILE' => 'DESKTOP-TDD3NMT'
    'windir' => 'C:\\Windows'
    'ProgramFiles' => 'C:\\Program Files'
    'DATASPELL_VM_OPTIONS' => 'E:\\CLion_start\\jetbra\\jetbra\\vmoptions\\dataspell.vmoptions'
    'TEMP' => 'C:\\Users\\wdnmd\\AppData\\Local\\Temp'
    'TMP' => 'C:\\Users\\wdnmd\\AppData\\Local\\Temp'
    'GATEWAY_VM_OPTIONS' => 'E:\\CLion_start\\jetbra\\jetbra\\vmoptions\\gateway.vmoptions'
    'OneDrive' => 'C:\\Users\\wdnmd\\OneDrive'
    'CommonProgramFiles(x86)' => 'C:\\Program Files (x86)\\Common Files'
    'USERDOMAIN' => 'DESKTOP-TDD3NMT'
    'SystemDrive' => 'C:'
    'COMPUTERNAME' => 'DESKTOP-TDD3NMT'
    'ProgramData' => 'C:\\ProgramData'
    'GOLAND_VM_OPTIONS' => 'E:\\CLion_start\\jetbra\\jetbra\\vmoptions\\goland.vmoptions'
    'FPS_BROWSER_USER_PROFILE_STRING' => 'Default'
    'CommonProgramFiles' => 'C:\\Program Files\\Common Files'
    'YII_PATH' => 'E:\\wamp\\www\\blogdemo2\\'
    'PHP_SELF' => 'E:\\wamp\\www\\blogdemo2\\yii'
    'SCRIPT_NAME' => 'E:\\wamp\\www\\blogdemo2\\yii'
    'SCRIPT_FILENAME' => 'E:\\wamp\\www\\blogdemo2\\yii'
    'PATH_TRANSLATED' => 'E:\\wamp\\www\\blogdemo2\\yii'
    'DOCUMENT_ROOT' => ''
    'REQUEST_TIME_FLOAT' => 1705151367.7742
    'REQUEST_TIME' => 1705151367
    'argv' => [
        0 => 'E:\\wamp\\www\\blogdemo2\\yii'
        1 => 'hello'
        2 => '--r=1'
    ]
    'argc' => 3
]
